0 info it worked if it ends with ok
1 verbose cli [ '/usr/bin/node', '/usr/bin/npm', 'install', 'os', '--save' ]
2 info using npm@2.11.3
3 info using node@v0.12.7
4 verbose node symlink /usr/bin/node
5 verbose install initial load of /home/celiyah/Documents/Code/Navaja-SQL/package.json
6 warn package.json @ No description
7 warn package.json @ No repository field.
8 warn package.json @ No README data
9 warn package.json @ No license field.
10 verbose installManyTop reading scoped package data from /home/celiyah/Documents/Code/Navaja-SQL/node_modules/fs/package.json
11 info package.json fs@0.0.2 fs is also the name of a node core module.
12 info package.json fs@0.0.2 No description
13 info package.json fs@0.0.2 No repository field.
14 verbose readDependencies loading dependencies from /home/celiyah/Documents/Code/Navaja-SQL/package.json
15 silly cache add args [ 'os', null ]
16 verbose cache add spec os
17 silly cache add parsed spec { raw: 'os',
17 silly cache add   scope: null,
17 silly cache add   name: 'os',
17 silly cache add   rawSpec: '',
17 silly cache add   spec: '*',
17 silly cache add   type: 'range' }
18 silly addNamed os@*
19 verbose addNamed "*" is a valid semver range for os
20 silly addNameRange { name: 'os', range: '*', hasData: false }
21 silly mapToRegistry name os
22 silly mapToRegistry using default registry
23 silly mapToRegistry registry https://registry.npmjs.org/
24 silly mapToRegistry uri https://registry.npmjs.org/os
25 verbose addNameRange registry:https://registry.npmjs.org/os not in flight; fetching
26 verbose request uri https://registry.npmjs.org/os
27 verbose request no auth needed
28 info attempt registry request try #1 at 09:43:52
29 verbose request id 05c2b8023ac2877a
30 http request GET https://registry.npmjs.org/os
31 http 404 https://registry.npmjs.org/os
32 verbose headers { 'content-type': 'application/json',
32 verbose headers   'cache-control': 'max-age=0',
32 verbose headers   'content-length': '2',
32 verbose headers   'accept-ranges': 'bytes',
32 verbose headers   date: 'Tue, 15 Sep 2015 16:43:52 GMT',
32 verbose headers   via: '1.1 varnish',
32 verbose headers   age: '0',
32 verbose headers   connection: 'keep-alive',
32 verbose headers   'x-served-by': 'cache-lax1420-LAX',
32 verbose headers   'x-cache': 'MISS',
32 verbose headers   'x-cache-hits': '0',
32 verbose headers   'x-timer': 'S1442335432.936443,VS0,VE50' }
33 silly get cb [ 404,
33 silly get   { 'content-type': 'application/json',
33 silly get     'cache-control': 'max-age=0',
33 silly get     'content-length': '2',
33 silly get     'accept-ranges': 'bytes',
33 silly get     date: 'Tue, 15 Sep 2015 16:43:52 GMT',
33 silly get     via: '1.1 varnish',
33 silly get     age: '0',
33 silly get     connection: 'keep-alive',
33 silly get     'x-served-by': 'cache-lax1420-LAX',
33 silly get     'x-cache': 'MISS',
33 silly get     'x-cache-hits': '0',
33 silly get     'x-timer': 'S1442335432.936443,VS0,VE50' } ]
34 verbose stack Error: Registry returned 404 for GET on https://registry.npmjs.org/os
34 verbose stack     at CachingRegistryClient.<anonymous> (/usr/lib/node_modules/npm/node_modules/npm-registry-client/lib/request.js:239:14)
34 verbose stack     at Request._callback (/usr/lib/node_modules/npm/node_modules/npm-registry-client/lib/request.js:170:14)
34 verbose stack     at Request.self.callback (/usr/lib/node_modules/npm/node_modules/request/request.js:354:22)
34 verbose stack     at Request.emit (events.js:110:17)
34 verbose stack     at Request.<anonymous> (/usr/lib/node_modules/npm/node_modules/request/request.js:1207:14)
34 verbose stack     at Request.emit (events.js:129:20)
34 verbose stack     at IncomingMessage.<anonymous> (/usr/lib/node_modules/npm/node_modules/request/request.js:1153:12)
34 verbose stack     at IncomingMessage.emit (events.js:129:20)
34 verbose stack     at _stream_readable.js:908:16
34 verbose stack     at process._tickCallback (node.js:355:11)
35 verbose statusCode 404
36 verbose pkgid os
37 verbose cwd /home/celiyah/Documents/Code/Navaja-SQL
38 error Linux 3.19.0-28-generic
39 error argv "/usr/bin/node" "/usr/bin/npm" "install" "os" "--save"
40 error node v0.12.7
41 error npm  v2.11.3
42 error code E404
43 error 404 Registry returned 404 for GET on https://registry.npmjs.org/os
43 error 404
43 error 404 'os' is not in the npm registry.
43 error 404 Your package name is not valid, because
43 error 404
43 error 404  1. os is a core module name
43 error 404
43 error 404 Note that you can also install from a
43 error 404 tarball, folder, http url, or git url.
44 verbose exit [ 1, true ]
